#在lst文件dungeon/dungeon.lst中：
1	洛蘭
2	洛蘭深處
3	幽暗密林
4	幽暗密林深處
5	雷鳴廢墟
6	猛毒雷鳴廢墟
7	格拉卡
8	烈焰格拉卡
9	冰霜幽暗密林
11	龍人之塔
12	人偶玄關
13	石巨人塔
14	黑暗玄廊
15	城主宮殿
16	亞蒙下層
17	懸空城
18	亞蒙上層
19	世帕羅塔下層
20	世帕羅塔上層
21	神殿外圍
22	樹精叢林
23	煉獄
24	極晝
25	第一脊椎
26	第二脊椎
27	天帷禁地
28	天空之海--淺海
29	天空之海--深海
31	淺棲之地
32	蜘蛛洞穴
33	王的遺跡
34	熔巖穴
35	暗精靈墓地
36	暗黑城入口
37	暗影迷宮
40	山脊
41	冰心少年
42	利庫天井
43	白色廢墟
44	冰雪宮殿
45	斯卡薩之巢
50	墮落的盜賊
51	迷亂之村哈穆林
52	血蝴蝶之舞
53	疑惑之村
60	熱血八番街
61	綠都格羅茲尼
62	哥布林王國
63	蠕動之城
64	蘭蒂盧斯的鷹犬
65	巴卡爾之城
66	虛無之境
67	黑色大地
70	格蘭之火
71	瘟疫之源
72	卡勒特之初
73	暗黑圣戰
74	絕密區域
75	昔日悲鳴
76	凜冬
77	謎之覺悟
80	根特外圍
81	根特東門
82	根特南門
83	夜間襲擊戰
84	補給線阻斷戰
85	追擊殲滅戰
86	列車上的海賊
87	奪回西部線
88	根特北門
89	根特防御戰
90	樹精繁殖地
91	GBL女神殿
92	霧都赫伊斯
93	阿登高地
100	南部溪谷
101	克雷發電站
102	普魯茲發電站
103	特倫斯發電站
104	格蘭迪發電站
110	GBL教阿拉德分部
111	GBL教研究所
112	GBL教孵化場
120	黃龍大會
121	青龍大會
140	月光酒館
141	布萬加的修煉場
144	熾晶森林
145	冰晶森林
146	水晶礦脈
147	被污染的水晶礦脈
148	幽冥監獄
149	幽冥監獄下層
150	蜘蛛王國
151	英雄冢
152	暴君的祭壇
153	黃金礦洞
154	遠古墓穴深處
155	邪龍的封印
156	蘑菇莊園
157	蟻后的巢穴
158	腐爛之地
159	赫頓瑪爾舊街區
160	絕望的棋局
161	鯊魚棲息地
162	人魚的國度
163	GBL女神殿
164	樹精繁殖地
165	羅特斯的宮殿
166	冰刺庭院
167	極光幻境
190	倒懸的瞭望臺
191	盧克的聚光鏡
192	鋼鐵之臂
193	能源熔爐
194	光之舞會
195	王的書庫
200	魂·王的遺跡
201	魂·比爾馬克帝國試驗場
202	魂·悲鳴洞穴
203	魂·諾伊佩拉
204	魂·幽靈列車
205	魂·痛苦之村列瑟芬
206	魂·卡勒特指揮部
216	艦炮防御戰
220	安徒恩的心臟
243	暴走 : 黑霧之源
244	暴走 : 震顫的大地
245	暴走 : 擎天之柱
246	暴走 : 能量阻截戰
247	暴走 : 黑色火山
310	時間廣場
311	獸人峽谷
312	恐怖的棲息地
313	疾風地帶
314	紅色魔女之森
315	血色防線
316	魔界裂縫
500	月光修煉場
501	艦長室
502	鐵鱗海賊團
503	亡月雷鳴廢墟
504	城主宮殿
505	月光修煉場
506	亡月雷鳴廢墟
507	月光修煉場
508	月光修煉場
509	亡月雷鳴廢墟
510	亡月雷鳴廢墟
511	月光修煉場
512	亡月雷鳴廢墟
513	亡月雷鳴廢墟
514	亡月雷鳴廢墟
515	時空之門
516	精靈之森
517	無法地帶
518	錯亂的時空之門
519	艾麗絲之謎
520	艾麗絲的覺悟
521	亡月雷鳴廢墟
522	能量阻斷室
1000	暗黑雷鳴廢墟
1500	比爾馬克帝國試驗場
1501	悲鳴洞穴
1502	諾伊佩拉
1504	幽靈列車
1506	痛苦之村列瑟芬
1507	卡勒特指揮部
2000	Grenselos
2001	Grenselos
2002	Grenselos
2003	Grenselos
2004	Grenselos
2009	遺忘之森
2010	陷落的村莊
2011	黃金王的秘密洞穴
2012	瘋狂的祭典
3001	神殿外圍
3002	樹精叢林
3003	煉獄
3004	極晝
3005	極晝
3006	第一脊椎
3007	GBL女神殿
3008	第二脊椎
3009	樹精繁殖地
3010	天帷禁地
3011	淺棲之地
3012	蜘蛛洞穴
3013	暗精靈墓地
3014	熔巖穴
3015	熔巖穴
3016	山脊
3017	利庫天井
3018	白色廢墟
3019	布萬加的修煉場
3020	GBL教阿拉德分部
3021	GBL教孵化場
3022	墮落的盜賊
3023	墮落的盜賊
3024	迷亂之村哈穆林
3025	暗黑城入口
3026	熱血八番街
3027	綠都格羅茲尼
3028	斯卡薩之巢
3029	根特外圍
3030	根特東門
3031	根特南門
3032	根特北門
3033	根特北門
3034	夜間襲擊戰
3035	補給線阻斷戰
3036	追擊殲滅戰
3037	血蝴蝶之舞
3038	疑惑之村
3039	列車上的海賊
3040	奪回西部線
3041	霧都赫伊斯
3042	阿登高地
3043	阿登高地
3044	阿登高地
3045	阿登高地
3046	哥布林王國
3047	月光酒館
3048	洛蘭
3500	抉擇之沼
3501	抉擇之沼
3502	抉擇之沼
3503	逆襲之谷
3505	領主之塔
3506	洛蘭
3511	1-1. 腐爛的營地
3512	1-2. 腐爛的營地
3513	1-3. 腐爛的營地
3514	1-4. 腐爛的營地
3515	2-1. 永遠忠誠的部下
3516	2-2. 永遠忠誠的部下
3517	2-3. 永遠忠誠的部下
3518	2-4. 永遠忠誠的部下
3519	3-1. 寂靜森林里的回聲
3520	3-2. 寂靜森林里的回聲
3521	3-3. 寂靜森林里的回聲
3522	3-4. 寂靜森林里的回聲
3523	無限模式
3536	念氣修煉場
3537	念氣洞穴深處
3538	巨龍盤踞之地
3539	極 · 巨龍盤踞之地
3540	巨龍盤踞之地
3600	艾恩葛朗特
3700	牛頭怪樂園
3901	世界樹:系統區域
4113	眾神之墓（工會）
4117	突圍長阪坡
4118	襄陽攻城戰
4123	新·金角銀角
4124	古代騎士競技場(公會)
4125	聖城卡美洛(公會)
4126	卡姆蘭之役(公會)
4132	瑪蒂婭的要塞
4133	卡修斯的封印
5101	誕生之聖所
5102	消亡之聖所
5103	波及之聖所
5104	光之祭壇
5105	暗之祭壇
5106	機械王座
5000	修煉道場
8500	傷城
8503	哀泣之穴
8504	吶喊之地
8505	失心迷宮
8507	破滅之谷
8508	永恒殿堂
10000	洛蘭
10001	時空之門
10002	時空之門
11000	死亡之塔
11001	迷妄之塔
11006	無盡的祭壇
11007	極限的祭壇
11008	絕望之塔
11009	絕望之塔
11010	絕望之塔
11011	絕望之塔
11012	絕望之塔
11013	絕望之塔
11014	絕望之塔
11015	絕望之塔
11016	絕望之塔
11017	絕望之塔
11018	絕望之塔
11019	絕望之塔
11020	絕望之塔
11021	絕望之塔
11022	絕望之塔
11023	絕望之塔
11024	絕望之塔
11025	絕望之塔
11026	絕望之塔
11027	絕望之塔
11028	絕望之塔
11029	絕望之塔
11030	絕望之塔
11031	絕望之塔
11032	絕望之塔
11033	絕望之塔
11034	絕望之塔
11035	絕望之塔
11036	絕望之塔
11037	絕望之塔
11038	絕望之塔
11039	絕望之塔
11040	絕望之塔
11041	絕望之塔
11042	絕望之塔
11043	絕望之塔
11044	絕望之塔
11045	絕望之塔
11046	絕望之塔
11047	絕望之塔
11048	絕望之塔
11049	絕望之塔
11050	絕望之塔
11051	絕望之塔
11052	絕望之塔
11053	絕望之塔
11054	絕望之塔
11055	絕望之塔
11056	絕望之塔
11057	絕望之塔
11058	絕望之塔
11059	絕望之塔
11060	絕望之塔
11061	絕望之塔
11062	絕望之塔
11063	絕望之塔
11064	絕望之塔
11065	絕望之塔
11066	絕望之塔
11067	絕望之塔
11068	絕望之塔
11069	絕望之塔
11070	絕望之塔
11071	絕望之塔
11072	絕望之塔
11073	絕望之塔
11074	絕望之塔
11075	絕望之塔
11076	絕望之塔
11077	絕望之塔
11078	絕望之塔
11079	絕望之塔
11080	絕望之塔
11081	絕望之塔
11082	絕望之塔
11083	絕望之塔
11084	絕望之塔
11085	絕望之塔
11086	絕望之塔
11087	絕望之塔
11088	絕望之塔
11089	絕望之塔
11090	絕望之塔
11091	絕望之塔
11092	絕望之塔
11093	絕望之塔
11094	絕望之塔
11095	絕望之塔
11096	絕望之塔
11097	絕望之塔
11098	絕望之塔
11099	絕望之塔
11100	絕望之塔
11101	絕望之塔
11102	絕望之塔
11103	絕望之塔
11104	絕望之塔
11105	絕望之塔
11106	絕望之塔
11107	絕望之塔
20000	赫頓瑪爾中央大街
20001	赫頓瑪爾中央大街
20002	赫頓瑪爾中央大街
20003	赫頓瑪爾中央大街
20004	赫頓瑪爾市政廳
20005	赫頓瑪爾市政廳
20006	赫頓瑪爾市政廳
20007	赫頓瑪爾市政廳
20008	西海岸小巷
20009	西海岸小巷
20010	西海岸小巷
20011	西海岸小巷
20012	西海岸濱海大道
20013	西海岸濱海大道
20014	西海岸濱海大道
20015	西海岸濱海大道
20016	赫頓瑪爾集市
20017	赫頓瑪爾集市
20018	赫頓瑪爾集市
20019	赫頓瑪爾集市
20020	赫頓瑪爾中央大街
20021	赫頓瑪爾市政廳
20022	西海岸小巷
20023	西海岸濱海大道
20024	赫頓瑪爾集市
3049	name_9000
3050	name_9001
4936	超時空之戰
3200	納特拉的復仇
3201	雙子巨人的背叛
3202	聖地 : 龍之魂
207	魂·王的遺跡（師徒）
208	魂·比爾馬克帝國試驗場（師徒）
209	魂·悲鳴洞穴（師徒）
210	魂·諾伊佩拉（師徒）
211	魂·幽靈列車（師徒）
212	魂·痛苦之村列瑟芬（師徒）
213	魂·卡勒特指揮部（師徒）
343	黑霧之源
344	震顫的大地
345	擎天之柱
346	能量阻截戰
347	黑色火山
6062	寂靜之森
6063	欲望之森入口
6064	欲望之林蔭小道
6065	欲望之森中心區
4900	阿?比恩??
4901	阿?比恩街道
4902	阿?比恩宅邸
4903	阿?比恩?塔?部
4904	?主地下城(??)
4905	?主地下城(困?)
6004	破碎森林
6013	??之境外?
3055	跑酷競技場
